#
# There is insufficient memory for the Java Runtime Environment to continue.
# Native memory allocation (mmap) failed to map 1048576 bytes for G1 virtual space
# Possible reasons:
#   The system is out of physical RAM or swap space
#   The process is running with CompressedOops enabled, and the Java Heap may be blocking the growth of the native heap
# Possible solutions:
#   Reduce memory load on the system
#   Increase physical memory or swap space
#   Check if swap backing store is full
#   Decrease Java heap size (-Xmx/-Xms)
#   Decrease number of Java threads
#   Decrease Java thread stack sizes (-Xss)
#   Set larger code cache with -XX:ReservedCodeCacheSize=
#   JVM is running with Unscaled Compressed Oops mode in which the Java heap is
#     placed in the first 4GB address space. The Java Heap base address is the
#     maximum limit for the native heap growth. Please use -XX:HeapBaseMinAddress
#     to set the Java Heap base and to place the Java Heap above 4GB virtual address.
# This output file may be truncated or incomplete.
#
#  Out of Memory Error (os_windows.cpp:3532), pid=1220, tid=3932
#
# JRE version:  (17.0.2+8) (build )
# Java VM: OpenJDK 64-Bit Server VM (17.0.2+8-LTS, mixed mode, sharing, tiered, compressed oops, compressed class ptrs, g1 gc, windows-amd64)
# No core dump will be written. Minidumps are not enabled by default on client versions of Windows
#

---------------  S U M M A R Y ------------

Command Line: -Dfile.encoding=UTF-8 -Dstdout.encoding=UTF-8 -Dstderr.encoding=UTF-8 -XX:+ShowCodeDetailsInExceptionMessages in.co.vwits.sms.SmsApiApplication

Host: Intel(R) Core(TM) i3-4005U CPU @ 1.70GHz, 4 cores, 3G,  Windows 8.1 , 64 bit Build 9600 (6.3.9600.17415)
Time: Wed Dec  6 16:51:08 2023 Sri Lanka Standard Time elapsed time: 0.561734 seconds (0d 0h 0m 0s)

---------------  T H R E A D  ---------------

Current thread (0x000000a37c275770):  JavaThread "Unknown thread" [_thread_in_vm, id=3932, stack(0x000000a37b920000,0x000000a37ba20000)]

Stack: [0x000000a37b920000,0x000000a37ba20000]
Native frames: (J=compiled Java code, j=interpreted, Vv=VM code, C=native code)
V  [jvm.dll+0x6455ba]
V  [jvm.dll+0x7f6134]
V  [jvm.dll+0x7f78ee]
V  [jvm.dll+0x7f7f43]
V  [jvm.dll+0x234918]
V  [jvm.dll+0x6424fa]
V  [jvm.dll+0x636ed2]
V  [jvm.dll+0x2f2979]
V  [jvm.dll+0x2f9b56]
V  [jvm.dll+0x3455d0]
V  [jvm.dll+0x3457ff]
V  [jvm.dll+0x2c8e98]
V  [jvm.dll+0x2c9e29]
V  [jvm.dll+0x7c9881]
V  [jvm.dll+0x3529d1]
V  [jvm.dll+0x7a9cae]
V  [jvm.dll+0x3ce2b3]
V  [jvm.dll+0x3cfcf1]
C  [jli.dll+0x51af]
C  [ucrtbase.DLL+0x203ba]
C  [KERNEL32.DLL+0x13d2]
C  [ntdll.dll+0x154e4]


---------------  P R O C E S S  ---------------

Threads class SMR info:
_java_thread_list=0x00007ff9f7f6c6d8, length=0, elements={
}

Java Threads: ( => current thread )

Other Threads:
  0x000000a37c2afe40 GCTaskThread "GC Thread#0" [stack: 0x000000a37c0a0000,0x000000a37c1a0000] [id=4436]
  0x000000a37c2b9760 ConcurrentGCThread "G1 Main Marker" [stack: 0x000000a37e880000,0x000000a37e980000] [id=9628]
  0x000000a37c2bb180 ConcurrentGCThread "G1 Conc#0" [stack: 0x000000a37e980000,0x000000a37ea80000] [id=3040]

[error occurred during error reporting (printing all threads), id 0xc0000005, EXCEPTION_ACCESS_VIOLATION (0xc0000005) at pc=0x00007ff9f775a077]

VM state: not at safepoint (not fully initialized)

VM Mutex/Monitor currently owned by a thread:  ([mutex/lock_event])
[0x000000a37c26f410] Heap_lock - owner thread: 0x000000a37c275770

Heap address: 0x00000000c1400000, size: 1004 MB, Compressed Oops mode: 32-bit

CDS archive(s) mapped at: [0x0000000000000000-0x0000000000000000-0x0000000000000000), size 0, SharedBaseAddress: 0x0000000800000000, ArchiveRelocationMode: 0.
Narrow klass base: 0x0000000000000000, Narrow klass shift: 0, Narrow klass range: 0x0

GC Precious Log:
<Empty>

Heap:
 garbage-first heap   total 0K, used 0K [0x00000000c1400000, 0x0000000100000000)
  region size 1024K, 0 young (0K), 0 survivors (0K)

[error occurred during error reporting (printing heap information), id 0xc0000005, EXCEPTION_ACCESS_VIOLATION (0xc0000005) at pc=0x00007ff9f7b1cf39]

GC Heap History (0 events):
No events

Deoptimization events (0 events):
No events

Classes unloaded (0 events):
No events

Classes redefined (0 events):
No events

Internal exceptions (0 events):
No events

VM Operations (0 events):
No events

Events (1 events):
Event: 0.130 Loaded shared library C:\Program Files\Amazon Corretto\jdk17.0.2_8\bin\java.dll


Dynamic libraries:
0x00007ff6ec790000 - 0x00007ff6ec79d000 	C:\Program Files\Amazon Corretto\jdk17.0.2_8\bin\javaw.exe
0x00007ffa19110000 - 0x00007ffa192bd000 	C:\Windows\SYSTEM32\ntdll.dll
0x00007ffa17080000 - 0x00007ffa171be000 	C:\Windows\system32\KERNEL32.DLL
0x00007ffa16380000 - 0x00007ffa16495000 	C:\Windows\system32\KERNELBASE.dll
0x00007ffa14f50000 - 0x00007ffa14f68000 	C:\Program Files\Amazon Corretto\jdk17.0.2_8\bin\jli.dll
0x00007ffa14bb0000 - 0x00007ffa14bc5000 	C:\Program Files\Amazon Corretto\jdk17.0.2_8\bin\VCRUNTIME140.dll
0x00007ffa14a50000 - 0x00007ffa14a54000 	C:\Program Files\Amazon Corretto\jdk17.0.2_8\bin\api-ms-win-crt-stdio-l1-1-0.dll
0x00007ffa14a40000 - 0x00007ffa14a44000 	C:\Program Files\Amazon Corretto\jdk17.0.2_8\bin\api-ms-win-crt-runtime-l1-1-0.dll
0x00007ffa14890000 - 0x00007ffa14893000 	C:\Program Files\Amazon Corretto\jdk17.0.2_8\bin\api-ms-win-crt-environment-l1-1-0.dll
0x00007ffa14800000 - 0x00007ffa14805000 	C:\Program Files\Amazon Corretto\jdk17.0.2_8\bin\api-ms-win-crt-math-l1-1-0.dll
0x00007ffa14520000 - 0x00007ffa14523000 	C:\Program Files\Amazon Corretto\jdk17.0.2_8\bin\api-ms-win-crt-locale-l1-1-0.dll
0x00007ffa13e10000 - 0x00007ffa13e13000 	C:\Program Files\Amazon Corretto\jdk17.0.2_8\bin\api-ms-win-crt-heap-l1-1-0.dll
0x00007ffa13fd0000 - 0x00007ffa1424b000 	C:\Windows\WinSxS\amd64_microsoft.windows.common-controls_6595b64144ccf1df_6.0.9600.17415_none_6240486fecbd8abb\COMCTL32.dll
0x00007ffa16b70000 - 0x00007ffa16ce7000 	C:\Windows\system32\USER32.dll
0x00007ffa13880000 - 0x00007ffa13883000 	C:\Program Files\Amazon Corretto\jdk17.0.2_8\bin\api-ms-win-crt-filesystem-l1-1-0.dll
0x00007ffa128e0000 - 0x00007ffa128e4000 	C:\Program Files\Amazon Corretto\jdk17.0.2_8\bin\api-ms-win-crt-string-l1-1-0.dll
0x00007ffa128d0000 - 0x00007ffa128d4000 	C:\Program Files\Amazon Corretto\jdk17.0.2_8\bin\api-ms-win-crt-convert-l1-1-0.dll
0x00007ffa16a60000 - 0x00007ffa16b0a000 	C:\Windows\system32\msvcrt.dll
0x00007ffa171c0000 - 0x00007ffa1730f000 	C:\Windows\system32\GDI32.dll
0x00007ffa00210000 - 0x00007ffa0030c000 	C:\Program Files\Amazon Corretto\jdk17.0.2_8\bin\ucrtbase.DLL
0x00007ffa16a10000 - 0x00007ffa16a46000 	C:\Windows\system32\IMM32.DLL
0x00007ffa168b0000 - 0x00007ffa16a01000 	C:\Windows\system32\MSCTF.dll
0x00007ffa025e0000 - 0x00007ffa0267b000 	C:\Program Files\Amazon Corretto\jdk17.0.2_8\bin\msvcp140.dll
0x00007ffa128c0000 - 0x00007ffa128c3000 	C:\Program Files\Amazon Corretto\jdk17.0.2_8\bin\api-ms-win-crt-time-l1-1-0.dll
0x00007ffa128b0000 - 0x00007ffa128b3000 	C:\Program Files\Amazon Corretto\jdk17.0.2_8\bin\api-ms-win-crt-utility-l1-1-0.dll
0x00007ff9f7480000 - 0x00007ff9f809a000 	C:\Program Files\Amazon Corretto\jdk17.0.2_8\bin\server\jvm.dll
0x00007ffa18ae0000 - 0x00007ffa18b8a000 	C:\Windows\system32\ADVAPI32.dll
0x00007ffa129c0000 - 0x00007ffa129c9000 	C:\Windows\SYSTEM32\WSOCK32.dll
0x00007ffa0ff50000 - 0x00007ffa0ff72000 	C:\Windows\SYSTEM32\WINMM.dll
0x00007ffa10eb0000 - 0x00007ffa10eba000 	C:\Windows\SYSTEM32\VERSION.dll
0x00007ffa18db0000 - 0x00007ffa18db7000 	C:\Windows\system32\PSAPI.DLL
0x00007ffa16b10000 - 0x00007ffa16b69000 	C:\Windows\SYSTEM32\sechost.dll
0x00007ffa18dc0000 - 0x00007ffa18f01000 	C:\Windows\system32\RPCRT4.dll
0x00007ffa16850000 - 0x00007ffa168aa000 	C:\Windows\system32\WS2_32.dll
0x00007ffa0ff20000 - 0x00007ffa0ff4a000 	C:\Windows\SYSTEM32\WINMMBASE.dll
0x00007ffa16cf0000 - 0x00007ffa16cf9000 	C:\Windows\system32\NSI.dll
0x00007ffa16330000 - 0x00007ffa1637f000 	C:\Windows\SYSTEM32\cfgmgr32.dll
0x00007ffa15060000 - 0x00007ffa15088000 	C:\Windows\SYSTEM32\DEVOBJ.dll
0x00007ffa10f00000 - 0x00007ffa10f0a000 	C:\Program Files\Amazon Corretto\jdk17.0.2_8\bin\jimage.dll
0x00007ffa0e920000 - 0x00007ffa0eaaa000 	C:\Windows\SYSTEM32\DBGHELP.DLL
0x00007ffa0aae0000 - 0x00007ffa0ab05000 	C:\Program Files\Amazon Corretto\jdk17.0.2_8\bin\java.dll

dbghelp: loaded successfully - version: 4.0.5 - missing functions: none
symbol engine: initialized successfully - sym options: 0x614 - pdb path: .;C:\Program Files\Amazon Corretto\jdk17.0.2_8\bin;C:\Windows\SYSTEM32;C:\Windows\WinSxS\amd64_microsoft.windows.common-controls_6595b64144ccf1df_6.0.9600.17415_none_6240486fecbd8abb;C:\Program Files\Amazon Corretto\jdk17.0.2_8\bin\server

VM Arguments:
jvm_args: -Dfile.encoding=UTF-8 -Dstdout.encoding=UTF-8 -Dstderr.encoding=UTF-8 -XX:+ShowCodeDetailsInExceptionMessages 
java_command: in.co.vwits.sms.SmsApiApplication
java_class_path (initial): H:\Training\Day-25&26\FullstackAngular\SMS_API_Springboot_Backend\target\classes;C:\Users\user\.m2\repository\org\springframework\boot\spring-boot-starter-web\2.6.8\spring-boot-starter-web-2.6.8.jar;C:\Users\user\.m2\repository\org\springframework\boot\spring-boot-starter\2.6.8\spring-boot-starter-2.6.8.jar;C:\Users\user\.m2\repository\org\springframework\boot\spring-boot\2.6.8\spring-boot-2.6.8.jar;C:\Users\user\.m2\repository\org\springframework\spring-core\5.3.20\spring-core-5.3.20.jar;C:\Users\user\.m2\repository\org\springframework\spring-jcl\5.3.20\spring-jcl-5.3.20.jar;C:\Users\user\.m2\repository\org\springframework\spring-context\5.3.20\spring-context-5.3.20.jar;C:\Users\user\.m2\repository\org\springframework\spring-aop\5.3.20\spring-aop-5.3.20.jar;C:\Users\user\.m2\repository\org\springframework\spring-beans\5.3.20\spring-beans-5.3.20.jar;C:\Users\user\.m2\repository\org\springframework\spring-expression\5.3.20\spring-expression-5.3.20.jar;C:\Users\user\.m2\repository\org\springframework\boot\spring-boot-autoconfigure\2.6.8\spring-boot-autoconfigure-2.6.8.jar;C:\Users\user\.m2\repository\org\springframework\boot\spring-boot-starter-logging\2.6.8\spring-boot-starter-logging-2.6.8.jar;C:\Users\user\.m2\repository\ch\qos\logback\logback-classic\1.2.11\logback-classic-1.2.11.jar;C:\Users\user\.m2\repository\ch\qos\logback\logback-core\1.2.11\logback-core-1.2.11.jar;C:\Users\user\.m2\repository\org\slf4j\slf4j-api\1.7.36\slf4j-api-1.7.36.jar;C:\Users\user\.m2\repository\org\apache\logging\log4j\log4j-to-slf4j\2.17.2\log4j-to-slf4j-2.17.2.jar;C:\Users\user\.m2\repository\org\apache\logging\log4j\log4j-api\2.17.2\log4j-api-2.17.2.jar;C:\Users\user\.m2\repository\org\slf4j\jul-to-slf4j\1.7.36\jul-to-slf4j-1.7.36.jar;C:\Users\user\.m2\repository\jakarta\annotation\jakarta.annotation-api\1.3.5\jakarta.annotation-api-1.3.5.jar;C:\Users\user\.m2\repository\org\yaml\snakeyaml\1.29\snakeyaml-1.29.jar;C:\Users\user\.m2\repository\org\springf
Launcher Type: SUN_STANDARD

[Global flags]
     intx CICompilerCount                          = 3                                         {product} {ergonomic}
     uint ConcGCThreads                            = 1                                         {product} {ergonomic}
     uint G1ConcRefinementThreads                  = 4                                         {product} {ergonomic}
   size_t G1HeapRegionSize                         = 1048576                                   {product} {ergonomic}
    uintx GCDrainStackTargetSize                   = 64                                        {product} {ergonomic}
   size_t InitialHeapSize                          = 67108864                                  {product} {ergonomic}
   size_t MarkStackSize                            = 4194304                                   {product} {ergonomic}
   size_t MaxHeapSize                              = 1052770304                                {product} {ergonomic}
   size_t MinHeapDeltaBytes                        = 1048576                                   {product} {ergonomic}
   size_t MinHeapSize                              = 8388608                                   {product} {ergonomic}
    uintx NonNMethodCodeHeapSize                   = 5832780                                {pd product} {ergonomic}
    uintx NonProfiledCodeHeapSize                  = 122912730                              {pd product} {ergonomic}
    uintx ProfiledCodeHeapSize                     = 122912730                              {pd product} {ergonomic}
    uintx ReservedCodeCacheSize                    = 251658240                              {pd product} {ergonomic}
     bool SegmentedCodeCache                       = true                                      {product} {ergonomic}
     bool ShowCodeDetailsInExceptionMessages       = true                                   {manageable} {command line}
   size_t SoftMaxHeapSize                          = 1052770304                             {manageable} {ergonomic}
     bool UseCompressedClassPointers               = true                           {product lp64_product} {ergonomic}
     bool UseCompressedOops                        = true                           {product lp64_product} {ergonomic}
     bool UseG1GC                                  = true                                      {product} {ergonomic}
     bool UseLargePagesIndividualAllocation        = false                                  {pd product} {ergonomic}

Logging:
Log output configuration:
 #0: stdout all=warning uptime,level,tags
 #1: stderr all=off uptime,level,tags

Environment Variables:
JAVA_HOME=C:\Program Files\Amazon Corretto\jdk17.0.2_8
PATH=C:/Program Files/Amazon Corretto/jdk17.0.2_8/bin/server;C:/Program Files/Amazon Corretto/jdk17.0.2_8/bin;C:\Program Files\MySQL\MySQL Server 8.0\bin;C:\Program Files\nodejs\;C:\Program Files\Git\cmd;C:\Program Files\MySQL\MySQL Shell 8.0\bin\;C:\Users\user\AppData\Local\Programs\Microsoft VS Code\bin;C:\Users\user\AppData\Roaming\npm;C:\Users\user\eclipse\java-2023-09\eclipse;
USERNAME=user
OS=Windows_NT
PROCESSOR_IDENTIFIER=Intel64 Family 6 Model 69 Stepping 1, GenuineIntel



---------------  S Y S T E M  ---------------

OS:
 Windows 8.1 , 64 bit Build 9600 (6.3.9600.17415)
OS uptime: 57 days 7:46 hours

CPU: total 4 (initial active 4) (2 cores per cpu, 2 threads per core) family 6 model 69 stepping 1 microcode 0x1c, cx8, cmov, fxsr, ht, mmx, sse, sse2, sse3, ssse3, sse4.1, sse4.2, popcnt, lzcnt, tsc, tscinvbit, avx, avx2, aes, erms, clmul, bmi1, bmi2, fma, vzeroupper, clflush

Memory: 4k page, system-wide physical 4012M (137M free)
TotalPageFile size 7084M (AvailPageFile size 14M)
current process WorkingSet (physical memory assigned to process): 9M, peak: 9M
current process commit charge ("private bytes"): 115M, peak: 116M

vm_info: OpenJDK 64-Bit Server VM (17.0.2+8-LTS) for windows-amd64 JRE (17.0.2+8-LTS), built on Jan 17 2022 05:07:39 by "Administrator" with MS VC++ 15.9 (VS2017)

END.
